<?xml version="1.0" encoding="UTF-8"?>
<coverage generated="1742785038383" clover="3.2.0">
  <project timestamp="1742785038383" name="All files">
    <metrics statements="18" coveredstatements="15" conditionals="2" coveredconditionals="1" methods="4" coveredmethods="2" elements="24" coveredelements="18" complexity="0" loc="18" ncloc="18" packages="1" files="1" classes="1"/>
    <file name="app.js" path="/home/bulma/shark-website/app.js">
      <metrics statements="18" coveredstatements="15" conditionals="2" coveredconditionals="1" methods="4" coveredmethods="2"/>
      <line num="1" count="1" type="stmt"/>
      <line num="2" count="1" type="stmt"/>
      <line num="3" count="1" type="stmt"/>
      <line num="5" count="1" type="stmt"/>
      <line num="6" count="1" type="stmt"/>
      <line num="7" count="1" type="stmt"/>
      <line num="8" count="2" type="stmt"/>
      <line num="9" count="2" type="stmt"/>
      <line num="12" count="1" type="stmt"/>
      <line num="13" count="0" type="stmt"/>
      <line num="16" count="1" type="stmt"/>
      <line num="17" count="1" type="stmt"/>
      <line num="19" count="1" type="stmt"/>
      <line num="20" count="1" type="stmt"/>
      <line num="26" count="1" type="cond" truecount="1" falsecount="1"/>
      <line num="27" count="0" type="stmt"/>
      <line num="28" count="0" type="stmt"/>
      <line num="32" count="1" type="stmt"/>
    </file>
  </project>
</coverage>
