{"/home/bulma/shark-website/app.js": {"path":"/home/bulma/shark-website/app.js","statementMap":{"0":{"start":{"line":1,"column":16},"end":{"line":1,"column":34}},"1":{"start":{"line":2,"column":12},"end":{"line":2,"column":21}},"2":{"start":{"line":3,"column":15},"end":{"line":3,"column":31}},"3":{"start":{"line":5,"column":13},"end":{"line":5,"column":34}},"4":{"start":{"line":6,"column":13},"end":{"line":6,"column":17}},"5":{"start":{"line":7,"column":0},"end":{"line":10,"column":3}},"6":{"start":{"line":8,"column":2},"end":{"line":8,"column":32}},"7":{"start":{"line":9,"column":2},"end":{"line":9,"column":9}},"8":{"start":{"line":12,"column":0},"end":{"line":14,"column":3}},"9":{"start":{"line":13,"column":2},"end":{"line":13,"column":36}},"10":{"start":{"line":16,"column":0},"end":{"line":18,"column":3}},"11":{"start":{"line":17,"column":2},"end":{"line":17,"column":37}},"12":{"start":{"line":19,"column":0},"end":{"line":19,"column":30}},"13":{"start":{"line":20,"column":0},"end":{"line":20,"column":21}},"14":{"start":{"line":26,"column":0},"end":{"line":30,"column":1}},"15":{"start":{"line":27,"column":2},"end":{"line":29,"column":5}},"16":{"start":{"line":28,"column":4},"end":{"line":28,"column":58}},"17":{"start":{"line":32,"column":0},"end":{"line":32,"column":21}}},"fnMap":{"0":{"name":"(anonymous_0)","decl":{"start":{"line":7,"column":11},"end":{"line":7,"column":12}},"loc":{"start":{"line":7,"column":35},"end":{"line":10,"column":1}},"line":7},"1":{"name":"(anonymous_1)","decl":{"start":{"line":12,"column":16},"end":{"line":12,"column":17}},"loc":{"start":{"line":12,"column":33},"end":{"line":14,"column":1}},"line":12},"2":{"name":"(anonymous_2)","decl":{"start":{"line":16,"column":22},"end":{"line":16,"column":23}},"loc":{"start":{"line":16,"column":39},"end":{"line":18,"column":1}},"line":16},"3":{"name":"(anonymous_3)","decl":{"start":{"line":27,"column":19},"end":{"line":27,"column":20}},"loc":{"start":{"line":27,"column":30},"end":{"line":29,"column":3}},"line":27}},"branchMap":{"0":{"loc":{"start":{"line":26,"column":0},"end":{"line":30,"column":1}},"type":"if","locations":[{"start":{"line":26,"column":0},"end":{"line":30,"column":1}},{"start":{},"end":{}}],"line":26}},"s":{"0":1,"1":1,"2":1,"3":1,"4":1,"5":1,"6":2,"7":2,"8":1,"9":0,"10":1,"11":1,"12":1,"13":1,"14":1,"15":0,"16":0,"17":1},"f":{"0":2,"1":0,"2":1,"3":0},"b":{"0":[0,1]},"_coverageSchema":"1a1c01bbd47fc00a2c39e90264f33305004495a9","hash":"6ae5b5e1b2f4d8d515ed006c9b03228ce260a251"}
}
