{"/home/bulma/shark-website/app.js": {"path":"/home/bulma/shark-website/app.js","statementMap":{"0":{"start":{"line":1,"column":0},"end":{"line":1,"column":22}},"1":{"start":{"line":2,"column":16},"end":{"line":2,"column":34}},"2":{"start":{"line":3,"column":12},"end":{"line":3,"column":21}},"3":{"start":{"line":4,"column":15},"end":{"line":4,"column":31}},"4":{"start":{"line":5,"column":13},"end":{"line":5,"column":34}},"5":{"start":{"line":6,"column":13},"end":{"line":6,"column":17}},"6":{"start":{"line":7,"column":16},"end":{"line":7,"column":34}},"7":{"start":{"line":10,"column":21},"end":{"line":10,"column":82}},"8":{"start":{"line":13,"column":15},"end":{"line":28,"column":2}},"9":{"start":{"line":31,"column":0},"end":{"line":41,"column":3}},"10":{"start":{"line":32,"column":17},"end":{"line":32,"column":98}},"11":{"start":{"line":33,"column":2},"end":{"line":33,"column":28}},"12":{"start":{"line":34,"column":2},"end":{"line":39,"column":5}},"13":{"start":{"line":40,"column":2},"end":{"line":40,"column":9}},"14":{"start":{"line":43,"column":0},"end":{"line":46,"column":3}},"15":{"start":{"line":44,"column":2},"end":{"line":44,"column":32}},"16":{"start":{"line":45,"column":2},"end":{"line":45,"column":9}},"17":{"start":{"line":49,"column":0},"end":{"line":55,"column":3}},"18":{"start":{"line":50,"column":2},"end":{"line":53,"column":5}},"19":{"start":{"line":54,"column":2},"end":{"line":54,"column":36}},"20":{"start":{"line":57,"column":0},"end":{"line":63,"column":3}},"21":{"start":{"line":58,"column":2},"end":{"line":61,"column":5}},"22":{"start":{"line":62,"column":2},"end":{"line":62,"column":36}},"23":{"start":{"line":65,"column":0},"end":{"line":71,"column":3}},"24":{"start":{"line":66,"column":2},"end":{"line":69,"column":5}},"25":{"start":{"line":70,"column":2},"end":{"line":70,"column":38}},"26":{"start":{"line":73,"column":0},"end":{"line":79,"column":3}},"27":{"start":{"line":74,"column":2},"end":{"line":77,"column":5}},"28":{"start":{"line":78,"column":2},"end":{"line":78,"column":42}},"29":{"start":{"line":81,"column":0},"end":{"line":87,"column":3}},"30":{"start":{"line":82,"column":2},"end":{"line":85,"column":5}},"31":{"start":{"line":86,"column":2},"end":{"line":86,"column":46}},"32":{"start":{"line":89,"column":0},"end":{"line":95,"column":3}},"33":{"start":{"line":90,"column":2},"end":{"line":93,"column":5}},"34":{"start":{"line":94,"column":2},"end":{"line":94,"column":42}},"35":{"start":{"line":97,"column":0},"end":{"line":103,"column":3}},"36":{"start":{"line":98,"column":2},"end":{"line":101,"column":5}},"37":{"start":{"line":102,"column":2},"end":{"line":102,"column":41}},"38":{"start":{"line":106,"column":0},"end":{"line":109,"column":3}},"39":{"start":{"line":107,"column":2},"end":{"line":107,"column":75}},"40":{"start":{"line":108,"column":2},"end":{"line":108,"column":30}},"41":{"start":{"line":111,"column":0},"end":{"line":114,"column":3}},"42":{"start":{"line":112,"column":2},"end":{"line":112,"column":69}},"43":{"start":{"line":113,"column":2},"end":{"line":113,"column":40}},"44":{"start":{"line":117,"column":11},"end":{"line":117,"column":24}},"45":{"start":{"line":118,"column":17},"end":{"line":118,"column":36}},"46":{"start":{"line":120,"column":0},"end":{"line":142,"column":3}},"47":{"start":{"line":121,"column":17},"end":{"line":121,"column":34}},"48":{"start":{"line":122,"column":15},"end":{"line":122,"column":17}},"49":{"start":{"line":124,"column":21},"end":{"line":124,"column":53}},"50":{"start":{"line":125,"column":13},"end":{"line":128,"column":4}},"51":{"start":{"line":130,"column":2},"end":{"line":139,"column":3}},"52":{"start":{"line":131,"column":4},"end":{"line":138,"column":5}},"53":{"start":{"line":132,"column":23},"end":{"line":132,"column":39}},"54":{"start":{"line":133,"column":6},"end":{"line":135,"column":7}},"55":{"start":{"line":134,"column":8},"end":{"line":134,"column":28}},"56":{"start":{"line":137,"column":6},"end":{"line":137,"column":52}},"57":{"start":{"line":141,"column":2},"end":{"line":141,"column":17}},"58":{"start":{"line":144,"column":0},"end":{"line":144,"column":30}},"59":{"start":{"line":145,"column":0},"end":{"line":145,"column":21}},"60":{"start":{"line":147,"column":0},"end":{"line":151,"column":1}},"61":{"start":{"line":148,"column":2},"end":{"line":150,"column":5}},"62":{"start":{"line":149,"column":4},"end":{"line":149,"column":63}},"63":{"start":{"line":153,"column":0},"end":{"line":153,"column":21}}},"fnMap":{"0":{"name":"(anonymous_0)","decl":{"start":{"line":31,"column":8},"end":{"line":31,"column":9}},"loc":{"start":{"line":31,"column":28},"end":{"line":41,"column":1}},"line":31},"1":{"name":"(anonymous_1)","decl":{"start":{"line":43,"column":11},"end":{"line":43,"column":12}},"loc":{"start":{"line":43,"column":31},"end":{"line":46,"column":1}},"line":43},"2":{"name":"(anonymous_2)","decl":{"start":{"line":49,"column":16},"end":{"line":49,"column":17}},"loc":{"start":{"line":49,"column":30},"end":{"line":55,"column":1}},"line":49},"3":{"name":"(anonymous_3)","decl":{"start":{"line":57,"column":21},"end":{"line":57,"column":22}},"loc":{"start":{"line":57,"column":35},"end":{"line":63,"column":1}},"line":57},"4":{"name":"(anonymous_4)","decl":{"start":{"line":65,"column":23},"end":{"line":65,"column":24}},"loc":{"start":{"line":65,"column":37},"end":{"line":71,"column":1}},"line":65},"5":{"name":"(anonymous_5)","decl":{"start":{"line":73,"column":27},"end":{"line":73,"column":28}},"loc":{"start":{"line":73,"column":41},"end":{"line":79,"column":1}},"line":73},"6":{"name":"(anonymous_6)","decl":{"start":{"line":81,"column":31},"end":{"line":81,"column":32}},"loc":{"start":{"line":81,"column":45},"end":{"line":87,"column":1}},"line":81},"7":{"name":"(anonymous_7)","decl":{"start":{"line":89,"column":27},"end":{"line":89,"column":28}},"loc":{"start":{"line":89,"column":41},"end":{"line":95,"column":1}},"line":89},"8":{"name":"(anonymous_8)","decl":{"start":{"line":97,"column":26},"end":{"line":97,"column":27}},"loc":{"start":{"line":97,"column":40},"end":{"line":103,"column":1}},"line":97},"9":{"name":"(anonymous_9)","decl":{"start":{"line":106,"column":17},"end":{"line":106,"column":18}},"loc":{"start":{"line":106,"column":31},"end":{"line":109,"column":1}},"line":106},"10":{"name":"(anonymous_10)","decl":{"start":{"line":111,"column":18},"end":{"line":111,"column":19}},"loc":{"start":{"line":111,"column":32},"end":{"line":114,"column":1}},"line":111},"11":{"name":"(anonymous_11)","decl":{"start":{"line":120,"column":25},"end":{"line":120,"column":26}},"loc":{"start":{"line":120,"column":45},"end":{"line":142,"column":1}},"line":120},"12":{"name":"(anonymous_12)","decl":{"start":{"line":148,"column":19},"end":{"line":148,"column":20}},"loc":{"start":{"line":148,"column":25},"end":{"line":150,"column":3}},"line":148}},"branchMap":{"0":{"loc":{"start":{"line":32,"column":17},"end":{"line":32,"column":98}},"type":"binary-expr","locations":[{"start":{"line":32,"column":17},"end":{"line":32,"column":33}},{"start":{"line":32,"column":37},"end":{"line":32,"column":98}}],"line":32},"1":{"loc":{"start":{"line":133,"column":6},"end":{"line":135,"column":7}},"type":"if","locations":[{"start":{"line":133,"column":6},"end":{"line":135,"column":7}},{"start":{},"end":{}}],"line":133},"2":{"loc":{"start":{"line":147,"column":0},"end":{"line":151,"column":1}},"type":"if","locations":[{"start":{"line":147,"column":0},"end":{"line":151,"column":1}},{"start":{},"end":{}}],"line":147}},"s":{"0":1,"1":1,"2":1,"3":1,"4":1,"5":1,"6":1,"7":1,"8":1,"9":1,"10":8,"11":8,"12":8,"13":8,"14":1,"15":7,"16":7,"17":1,"18":0,"19":0,"20":1,"21":1,"22":1,"23":1,"24":1,"25":1,"26":1,"27":1,"28":1,"29":1,"30":1,"31":1,"32":1,"33":1,"34":1,"35":1,"36":1,"37":1,"38":1,"39":0,"40":0,"41":1,"42":0,"43":0,"44":1,"45":1,"46":1,"47":0,"48":0,"49":0,"50":0,"51":0,"52":0,"53":0,"54":0,"55":0,"56":0,"57":0,"58":1,"59":1,"60":1,"61":0,"62":0,"63":1},"f":{"0":8,"1":7,"2":0,"3":1,"4":1,"5":1,"6":1,"7":1,"8":1,"9":0,"10":0,"11":0,"12":0},"b":{"0":[8,8],"1":[0,0],"2":[0,1]},"_coverageSchema":"1a1c01bbd47fc00a2c39e90264f33305004495a9","hash":"8e3fd4e4eb81cbfe916e4c0ad3265ebf180658e4"}
,"/home/bulma/shark-website/tracing.js": {"path":"/home/bulma/shark-website/tracing.js","statementMap":{"0":{"start":{"line":2,"column":20},"end":{"line":2,"column":54}},"1":{"start":{"line":3,"column":40},"end":{"line":3,"column":92}},"2":{"start":{"line":4,"column":27},"end":{"line":4,"column":68}},"3":{"start":{"line":6,"column":23},"end":{"line":8,"column":2}},"4":{"start":{"line":10,"column":12},"end":{"line":14,"column":2}},"5":{"start":{"line":16,"column":0},"end":{"line":21,"column":1}},"6":{"start":{"line":17,"column":4},"end":{"line":17,"column":16}},"7":{"start":{"line":18,"column":4},"end":{"line":18,"column":56}},"8":{"start":{"line":20,"column":4},"end":{"line":20,"column":65}}},"fnMap":{},"branchMap":{},"s":{"0":1,"1":1,"2":1,"3":1,"4":1,"5":1,"6":1,"7":1,"8":0},"f":{},"b":{},"_coverageSchema":"1a1c01bbd47fc00a2c39e90264f33305004495a9","hash":"274b818377a4494214a15d453c0199e72f3b459e"}
}
