TN:
SF:app.js
FN:31,(anonymous_0)
FN:43,(anonymous_1)
FN:49,(anonymous_2)
FN:57,(anonymous_3)
FN:65,(anonymous_4)
FN:73,(anonymous_5)
FN:81,(anonymous_6)
FN:89,(anonymous_7)
FN:97,(anonymous_8)
FN:106,(anonymous_9)
FN:111,(anonymous_10)
FN:120,(anonymous_11)
FN:148,(anonymous_12)
FNF:13
FNH:8
FNDA:8,(anonymous_0)
FNDA:7,(anonymous_1)
FNDA:0,(anonymous_2)
FNDA:1,(anonymous_3)
FNDA:1,(anonymous_4)
FNDA:1,(anonymous_5)
FNDA:1,(anonymous_6)
FNDA:1,(anonymous_7)
FNDA:1,(anonymous_8)
FNDA:0,(anonymous_9)
FNDA:0,(anonymous_10)
FNDA:0,(anonymous_11)
FNDA:0,(anonymous_12)
DA:1,1
DA:2,1
DA:3,1
DA:4,1
DA:5,1
DA:6,1
DA:7,1
DA:10,1
DA:13,1
DA:31,1
DA:32,8
DA:33,8
DA:34,8
DA:40,8
DA:43,1
DA:44,7
DA:45,7
DA:49,1
DA:50,0
DA:54,0
DA:57,1
DA:58,1
DA:62,1
DA:65,1
DA:66,1
DA:70,1
DA:73,1
DA:74,1
DA:78,1
DA:81,1
DA:82,1
DA:86,1
DA:89,1
DA:90,1
DA:94,1
DA:97,1
DA:98,1
DA:102,1
DA:106,1
DA:107,0
DA:108,0
DA:111,1
DA:112,0
DA:113,0
DA:117,1
DA:118,1
DA:120,1
DA:121,0
DA:122,0
DA:124,0
DA:125,0
DA:130,0
DA:131,0
DA:132,0
DA:133,0
DA:134,0
DA:137,0
DA:141,0
DA:144,1
DA:145,1
DA:147,1
DA:148,0
DA:149,0
DA:153,1
LF:64
LH:45
BRDA:32,0,0,8
BRDA:32,0,1,8
BRDA:133,1,0,0
BRDA:133,1,1,0
BRDA:147,2,0,0
BRDA:147,2,1,1
BRF:6
BRH:3
end_of_record
TN:
SF:tracing.js
FNF:0
FNH:0
DA:2,1
DA:3,1
DA:4,1
DA:6,1
DA:10,1
DA:16,1
DA:17,1
DA:18,1
DA:20,0
LF:9
LH:8
BRF:0
BRH:0
end_of_record
